0 info it worked if it ends with ok
1 verbose cli [
1 verbose cli   '/home/stefan/.nvm/versions/node/v12.7.0/bin/node',
1 verbose cli   '/home/stefan/.nvm/versions/node/v12.7.0/bin/npm',
1 verbose cli   'run',
1 verbose cli   'test:unit',
1 verbose cli   '--no-cache'
1 verbose cli ]
2 info using npm@6.10.2
3 info using node@v12.7.0
4 verbose run-script [ 'pretest:unit', 'test:unit', 'posttest:unit' ]
5 info lifecycle my-kitten-app@0.1.0~pretest:unit: my-kitten-app@0.1.0
6 info lifecycle my-kitten-app@0.1.0~test:unit: my-kitten-app@0.1.0
7 verbose lifecycle my-kitten-app@0.1.0~test:unit: unsafe-perm in lifecycle true
8 verbose lifecycle my-kitten-app@0.1.0~test:unit: PATH: /home/stefan/.nvm/versions/node/v12.7.0/lib/node_modules/npm/node_modules/npm-lifecycle/node-gyp-bin:/home/stefan/webdev/coding-callenge/node_modules/.bin:/home/stefan/.nvm/versions/node/v12.7.0/bin:/home/stefan/bin:/usr/local/sbin:/usr/local/bin:/usr/sbin:/usr/bin:/sbin:/bin:/usr/games:/usr/local/games:/snap/bin:/usr/lib/jvm/java-8-oracle/bin:/usr/lib/jvm/java-8-oracle/db/bin:/usr/lib/jvm/java-8-oracle/jre/bin
9 verbose lifecycle my-kitten-app@0.1.0~test:unit: CWD: /home/stefan/webdev/coding-callenge
10 silly lifecycle my-kitten-app@0.1.0~test:unit: Args: [ '-c', 'vue-cli-service test:unit' ]
11 silly lifecycle my-kitten-app@0.1.0~test:unit: Returned: code: 1  signal: null
12 info lifecycle my-kitten-app@0.1.0~test:unit: Failed to exec test:unit script
13 verbose stack Error: my-kitten-app@0.1.0 test:unit: `vue-cli-service test:unit`
13 verbose stack Exit status 1
13 verbose stack     at EventEmitter.<anonymous> (/home/stefan/.nvm/versions/node/v12.7.0/lib/node_modules/npm/node_modules/npm-lifecycle/index.js:326:16)
13 verbose stack     at EventEmitter.emit (events.js:203:13)
13 verbose stack     at ChildProcess.<anonymous> (/home/stefan/.nvm/versions/node/v12.7.0/lib/node_modules/npm/node_modules/npm-lifecycle/lib/spawn.js:55:14)
13 verbose stack     at ChildProcess.emit (events.js:203:13)
13 verbose stack     at maybeClose (internal/child_process.js:1021:16)
13 verbose stack     at Process.ChildProcess._handle.onexit (internal/child_process.js:283:5)
14 verbose pkgid my-kitten-app@0.1.0
15 verbose cwd /home/stefan/webdev/coding-callenge
16 verbose Linux 4.14.134-rt63
17 verbose argv "/home/stefan/.nvm/versions/node/v12.7.0/bin/node" "/home/stefan/.nvm/versions/node/v12.7.0/bin/npm" "run" "test:unit" "--no-cache"
18 verbose node v12.7.0
19 verbose npm  v6.10.2
20 error code ELIFECYCLE
21 error errno 1
22 error my-kitten-app@0.1.0 test:unit: `vue-cli-service test:unit`
22 error Exit status 1
23 error Failed at the my-kitten-app@0.1.0 test:unit script.
23 error This is probably not a problem with npm. There is likely additional logging output above.
24 verbose exit [ 1, true ]
